0 verbose cli /usr/bin/node /usr/bin/npm
1 info using npm@10.8.0
2 info using node@v20.13.1
3 silly config load:file:/usr/lib/node_modules/npm/npmrc
4 silly config load:file:/home/.npmrc
5 silly config load:file:/etc/npmrc
6 verbose title npm install http-server
7 verbose argv "install" "--global" "http-server"
8 verbose logfile logs-max:10 dir:/home/.npm/_logs/2024-06-27T02_58_35_745Z-
9 verbose logfile /home/.npm/_logs/2024-06-27T02_58_35_745Z-debug-0.log
10 silly packumentCache heap:1979973632 maxSize:494993408 maxEntrySize:247496704
11 silly logfile done cleaning log files
12 silly idealTree buildDeps
13 silly fetch manifest http-server@*
14 silly packumentCache full:https://registry.npmjs.org/http-server cache-miss
15 http fetch GET https://registry.npmjs.org/http-server attempt 1 failed with ETIMEDOUT
16 http fetch GET 200 https://registry.npmjs.org/http-server 14088ms attempt #2 (cache miss)
17 silly packumentCache full:https://registry.npmjs.org/http-server set size:undefined disposed:false
18 silly placeDep ROOT http-server@14.1.1 OK for:  want: *
19 silly fetch manifest basic-auth@^2.0.1
20 silly packumentCache full:https://registry.npmjs.org/basic-auth cache-miss
21 silly fetch manifest chalk@^4.1.2
22 silly packumentCache full:https://registry.npmjs.org/chalk cache-miss
23 silly fetch manifest corser@^2.0.1
24 silly packumentCache full:https://registry.npmjs.org/corser cache-miss
25 silly fetch manifest he@^1.2.0
26 silly packumentCache full:https://registry.npmjs.org/he cache-miss
27 silly fetch manifest html-encoding-sniffer@^3.0.0
28 silly packumentCache full:https://registry.npmjs.org/html-encoding-sniffer cache-miss
29 silly fetch manifest http-proxy@^1.18.1
30 silly packumentCache full:https://registry.npmjs.org/http-proxy cache-miss
31 silly fetch manifest mime@^1.6.0
32 silly packumentCache full:https://registry.npmjs.org/mime cache-miss
33 http fetch GET 200 https://registry.npmjs.org/html-encoding-sniffer 572ms (cache miss)
34 silly packumentCache full:https://registry.npmjs.org/html-encoding-sniffer set size:undefined disposed:false
35 silly fetch manifest minimist@^1.2.6
36 silly packumentCache full:https://registry.npmjs.org/minimist cache-miss
37 http fetch GET 200 https://registry.npmjs.org/he 615ms (cache miss)
38 silly packumentCache full:https://registry.npmjs.org/he set size:undefined disposed:false
39 silly fetch manifest opener@^1.5.1
40 silly packumentCache full:https://registry.npmjs.org/opener cache-miss
41 http fetch GET 200 https://registry.npmjs.org/chalk 672ms (cache miss)
42 silly packumentCache full:https://registry.npmjs.org/chalk set size:undefined disposed:false
43 silly fetch manifest portfinder@^1.0.28
44 silly packumentCache full:https://registry.npmjs.org/portfinder cache-miss
45 http fetch GET 200 https://registry.npmjs.org/basic-auth 820ms (cache miss)
46 silly packumentCache full:https://registry.npmjs.org/basic-auth set size:undefined disposed:false
47 silly fetch manifest secure-compare@3.0.1
48 silly packumentCache full:https://registry.npmjs.org/secure-compare cache-miss
49 http fetch GET 200 https://registry.npmjs.org/opener 229ms (cache miss)
50 silly packumentCache full:https://registry.npmjs.org/opener set size:undefined disposed:false
51 silly fetch manifest union@~0.5.0
52 silly packumentCache full:https://registry.npmjs.org/union cache-miss
53 http fetch GET 200 https://registry.npmjs.org/minimist 275ms (cache miss)
54 silly packumentCache full:https://registry.npmjs.org/minimist set size:undefined disposed:false
55 silly fetch manifest url-join@^4.0.1
56 silly packumentCache full:https://registry.npmjs.org/url-join cache-miss
57 http fetch GET 200 https://registry.npmjs.org/corser 1061ms (cache miss)
58 silly packumentCache full:https://registry.npmjs.org/corser set size:undefined disposed:false
59 http fetch GET 200 https://registry.npmjs.org/mime 1128ms (cache miss)
60 silly packumentCache full:https://registry.npmjs.org/mime set size:undefined disposed:false
61 http fetch GET 200 https://registry.npmjs.org/http-proxy 1157ms (cache miss)
62 silly packumentCache full:https://registry.npmjs.org/http-proxy set size:undefined disposed:false
63 http fetch GET 200 https://registry.npmjs.org/portfinder 751ms (cache miss)
64 silly packumentCache full:https://registry.npmjs.org/portfinder set size:undefined disposed:false
65 http fetch GET 200 https://registry.npmjs.org/secure-compare 775ms (cache miss)
66 silly packumentCache full:https://registry.npmjs.org/secure-compare set size:undefined disposed:false
67 http fetch GET 200 https://registry.npmjs.org/union 763ms (cache miss)
68 silly packumentCache full:https://registry.npmjs.org/union set size:undefined disposed:false
69 http fetch GET 200 https://registry.npmjs.org/url-join 768ms (cache miss)
70 silly packumentCache full:https://registry.npmjs.org/url-join set size:undefined disposed:false
71 silly placeDep node_modules/http-server basic-auth@2.0.1 OK for: http-server@14.1.1 want: ^2.0.1
72 silly placeDep node_modules/http-server chalk@4.1.2 OK for: http-server@14.1.1 want: ^4.1.2
73 silly placeDep node_modules/http-server corser@2.0.1 OK for: http-server@14.1.1 want: ^2.0.1
74 silly placeDep node_modules/http-server he@1.2.0 OK for: http-server@14.1.1 want: ^1.2.0
75 silly placeDep node_modules/http-server html-encoding-sniffer@3.0.0 OK for: http-server@14.1.1 want: ^3.0.0
76 silly placeDep node_modules/http-server http-proxy@1.18.1 OK for: http-server@14.1.1 want: ^1.18.1
77 silly placeDep node_modules/http-server mime@1.6.0 OK for: http-server@14.1.1 want: ^1.6.0
78 silly placeDep node_modules/http-server minimist@1.2.8 OK for: http-server@14.1.1 want: ^1.2.6
79 silly placeDep node_modules/http-server opener@1.5.2 OK for: http-server@14.1.1 want: ^1.5.1
80 silly placeDep node_modules/http-server portfinder@1.0.32 OK for: http-server@14.1.1 want: ^1.0.28
81 silly placeDep node_modules/http-server secure-compare@3.0.1 OK for: http-server@14.1.1 want: 3.0.1
82 silly placeDep node_modules/http-server union@0.5.0 OK for: http-server@14.1.1 want: ~0.5.0
83 silly placeDep node_modules/http-server url-join@4.0.1 OK for: http-server@14.1.1 want: ^4.0.1
84 silly fetch manifest safe-buffer@5.1.2
85 silly packumentCache full:https://registry.npmjs.org/safe-buffer cache-miss
86 silly fetch manifest ansi-styles@^4.1.0
87 silly packumentCache full:https://registry.npmjs.org/ansi-styles cache-miss
88 silly fetch manifest supports-color@^7.1.0
89 silly packumentCache full:https://registry.npmjs.org/supports-color cache-miss
90 silly fetch manifest whatwg-encoding@^2.0.0
91 silly packumentCache full:https://registry.npmjs.org/whatwg-encoding cache-miss
92 silly fetch manifest eventemitter3@^4.0.0
93 silly packumentCache full:https://registry.npmjs.org/eventemitter3 cache-miss
94 silly fetch manifest requires-port@^1.0.0
95 silly packumentCache full:https://registry.npmjs.org/requires-port cache-miss
96 silly fetch manifest follow-redirects@^1.0.0
97 silly packumentCache full:https://registry.npmjs.org/follow-redirects cache-miss
98 http fetch GET 200 https://registry.npmjs.org/whatwg-encoding 295ms (cache miss)
99 silly packumentCache full:https://registry.npmjs.org/whatwg-encoding set size:undefined disposed:false
100 silly fetch manifest async@^2.6.4
101 silly packumentCache full:https://registry.npmjs.org/async cache-miss
102 http fetch GET 200 https://registry.npmjs.org/safe-buffer 360ms (cache miss)
103 silly packumentCache full:https://registry.npmjs.org/safe-buffer set size:undefined disposed:false
104 silly fetch manifest debug@^3.2.7
105 silly packumentCache full:https://registry.npmjs.org/debug cache-miss
106 http fetch GET 200 https://registry.npmjs.org/supports-color 389ms (cache miss)
107 silly packumentCache full:https://registry.npmjs.org/supports-color set size:undefined disposed:false
108 silly fetch manifest mkdirp@^0.5.6
109 silly packumentCache full:https://registry.npmjs.org/mkdirp cache-miss
110 http fetch GET 200 https://registry.npmjs.org/ansi-styles 421ms (cache miss)
111 silly packumentCache full:https://registry.npmjs.org/ansi-styles set size:undefined disposed:false
112 silly fetch manifest qs@^6.4.0
113 silly packumentCache full:https://registry.npmjs.org/qs cache-miss
114 http fetch GET 200 https://registry.npmjs.org/follow-redirects 440ms (cache miss)
115 silly packumentCache full:https://registry.npmjs.org/follow-redirects set size:undefined disposed:false
116 http fetch GET 200 https://registry.npmjs.org/debug 212ms (cache miss)
117 silly packumentCache full:https://registry.npmjs.org/debug set size:undefined disposed:false
118 http fetch GET 200 https://registry.npmjs.org/mkdirp 231ms (cache miss)
119 silly packumentCache full:https://registry.npmjs.org/mkdirp set size:undefined disposed:false
120 http fetch GET 200 https://registry.npmjs.org/requires-port 668ms (cache miss)
121 silly packumentCache full:https://registry.npmjs.org/requires-port set size:undefined disposed:false
122 http fetch GET 200 https://registry.npmjs.org/eventemitter3 677ms (cache miss)
123 silly packumentCache full:https://registry.npmjs.org/eventemitter3 set size:undefined disposed:false
124 http fetch GET 200 https://registry.npmjs.org/async 855ms (cache miss)
125 silly packumentCache full:https://registry.npmjs.org/async set size:undefined disposed:false
126 http fetch GET 200 https://registry.npmjs.org/qs 777ms (cache miss)
127 silly packumentCache full:https://registry.npmjs.org/qs set size:undefined disposed:false
128 silly placeDep node_modules/http-server safe-buffer@5.1.2 OK for: basic-auth@2.0.1 want: 5.1.2
129 silly placeDep node_modules/http-server ansi-styles@4.3.0 OK for: chalk@4.1.2 want: ^4.1.0
130 silly placeDep node_modules/http-server supports-color@7.2.0 OK for: chalk@4.1.2 want: ^7.1.0
131 silly fetch manifest color-convert@^2.0.1
132 silly packumentCache full:https://registry.npmjs.org/color-convert cache-miss
133 silly fetch manifest has-flag@^4.0.0
134 silly packumentCache full:https://registry.npmjs.org/has-flag cache-miss
135 http fetch GET 200 https://registry.npmjs.org/has-flag 168ms (cache miss)
136 silly packumentCache full:https://registry.npmjs.org/has-flag set size:undefined disposed:false
137 http fetch GET 200 https://registry.npmjs.org/color-convert 176ms (cache miss)
138 silly packumentCache full:https://registry.npmjs.org/color-convert set size:undefined disposed:false
139 silly placeDep node_modules/http-server color-convert@2.0.1 OK for: ansi-styles@4.3.0 want: ^2.0.1
140 silly fetch manifest color-name@~1.1.4
141 silly packumentCache full:https://registry.npmjs.org/color-name cache-miss
142 http fetch GET 200 https://registry.npmjs.org/color-name 146ms (cache miss)
143 silly packumentCache full:https://registry.npmjs.org/color-name set size:undefined disposed:false
144 silly placeDep node_modules/http-server color-name@1.1.4 OK for: color-convert@2.0.1 want: ~1.1.4
145 silly placeDep node_modules/http-server whatwg-encoding@2.0.0 OK for: html-encoding-sniffer@3.0.0 want: ^2.0.0
146 silly fetch manifest iconv-lite@0.6.3
147 silly packumentCache full:https://registry.npmjs.org/iconv-lite cache-miss
148 http fetch GET 200 https://registry.npmjs.org/iconv-lite 666ms (cache miss)
149 silly packumentCache full:https://registry.npmjs.org/iconv-lite set size:undefined disposed:false
150 silly placeDep node_modules/http-server eventemitter3@4.0.7 OK for: http-proxy@1.18.1 want: ^4.0.0
151 silly placeDep node_modules/http-server follow-redirects@1.15.6 OK for: http-proxy@1.18.1 want: ^1.0.0
152 silly placeDep node_modules/http-server requires-port@1.0.0 OK for: http-proxy@1.18.1 want: ^1.0.0
153 silly placeDep node_modules/http-server async@2.6.4 OK for: portfinder@1.0.32 want: ^2.6.4
154 silly placeDep node_modules/http-server debug@3.2.7 OK for: portfinder@1.0.32 want: ^3.2.7
155 silly placeDep node_modules/http-server mkdirp@0.5.6 OK for: portfinder@1.0.32 want: ^0.5.6
156 silly fetch manifest lodash@^4.17.14
157 silly packumentCache full:https://registry.npmjs.org/lodash cache-miss
158 silly fetch manifest ms@^2.1.1
159 silly packumentCache full:https://registry.npmjs.org/ms cache-miss
160 http fetch GET 200 https://registry.npmjs.org/ms 194ms (cache miss)
161 silly packumentCache full:https://registry.npmjs.org/ms set size:undefined disposed:false
162 http fetch GET 200 https://registry.npmjs.org/lodash 219ms (cache miss)
163 silly packumentCache full:https://registry.npmjs.org/lodash set size:undefined disposed:false
164 silly placeDep node_modules/http-server lodash@4.17.21 OK for: async@2.6.4 want: ^4.17.14
165 silly placeDep node_modules/http-server ms@2.1.3 OK for: debug@3.2.7 want: ^2.1.1
166 silly placeDep node_modules/http-server has-flag@4.0.0 OK for: supports-color@7.2.0 want: ^4.0.0
167 silly placeDep node_modules/http-server qs@6.12.1 OK for: union@0.5.0 want: ^6.4.0
168 silly fetch manifest side-channel@^1.0.6
169 silly packumentCache full:https://registry.npmjs.org/side-channel cache-miss
170 http fetch GET 200 https://registry.npmjs.org/side-channel 210ms (cache miss)
171 silly packumentCache full:https://registry.npmjs.org/side-channel set size:undefined disposed:false
172 silly placeDep node_modules/http-server side-channel@1.0.6 OK for: qs@6.12.1 want: ^1.0.6
173 silly fetch manifest call-bind@^1.0.7
174 silly packumentCache full:https://registry.npmjs.org/call-bind cache-miss
175 silly fetch manifest es-errors@^1.3.0
176 silly packumentCache full:https://registry.npmjs.org/es-errors cache-miss
177 silly fetch manifest get-intrinsic@^1.2.4
178 silly packumentCache full:https://registry.npmjs.org/get-intrinsic cache-miss
179 silly fetch manifest object-inspect@^1.13.1
180 silly packumentCache full:https://registry.npmjs.org/object-inspect cache-miss
181 http fetch GET 200 https://registry.npmjs.org/es-errors 212ms (cache miss)
182 silly packumentCache full:https://registry.npmjs.org/es-errors set size:undefined disposed:false
183 http fetch GET 200 https://registry.npmjs.org/object-inspect 211ms (cache miss)
184 silly packumentCache full:https://registry.npmjs.org/object-inspect set size:undefined disposed:false
185 http fetch GET 200 https://registry.npmjs.org/get-intrinsic 370ms (cache miss)
186 silly packumentCache full:https://registry.npmjs.org/get-intrinsic set size:undefined disposed:false
187 http fetch GET 200 https://registry.npmjs.org/call-bind 709ms (cache miss)
188 silly packumentCache full:https://registry.npmjs.org/call-bind set size:undefined disposed:false
189 silly placeDep node_modules/http-server call-bind@1.0.7 OK for: side-channel@1.0.6 want: ^1.0.7
190 silly placeDep node_modules/http-server es-errors@1.3.0 OK for: side-channel@1.0.6 want: ^1.3.0
191 silly placeDep node_modules/http-server get-intrinsic@1.2.4 OK for: side-channel@1.0.6 want: ^1.2.4
192 silly placeDep node_modules/http-server object-inspect@1.13.2 OK for: side-channel@1.0.6 want: ^1.13.1
193 silly fetch manifest es-define-property@^1.0.0
194 silly packumentCache full:https://registry.npmjs.org/es-define-property cache-miss
195 silly fetch manifest function-bind@^1.1.2
196 silly packumentCache full:https://registry.npmjs.org/function-bind cache-miss
197 silly fetch manifest set-function-length@^1.2.1
198 silly packumentCache full:https://registry.npmjs.org/set-function-length cache-miss
199 silly fetch manifest function-bind@^1.1.2
200 silly packumentCache full:https://registry.npmjs.org/function-bind cache-miss
201 silly fetch manifest has-proto@^1.0.1
202 silly packumentCache full:https://registry.npmjs.org/has-proto cache-miss
203 silly fetch manifest has-symbols@^1.0.3
204 silly packumentCache full:https://registry.npmjs.org/has-symbols cache-miss
205 silly fetch manifest hasown@^2.0.0
206 silly packumentCache full:https://registry.npmjs.org/hasown cache-miss
207 http fetch GET 200 https://registry.npmjs.org/function-bind 270ms (cache miss)
208 silly packumentCache full:https://registry.npmjs.org/function-bind set size:undefined disposed:false
209 http fetch GET 200 https://registry.npmjs.org/hasown 250ms (cache miss)
210 silly packumentCache full:https://registry.npmjs.org/hasown set size:undefined disposed:false
211 http fetch GET 200 https://registry.npmjs.org/has-proto 265ms (cache miss)
212 silly packumentCache full:https://registry.npmjs.org/has-proto set size:undefined disposed:false
213 http fetch GET 200 https://registry.npmjs.org/set-function-length 285ms (cache miss)
214 silly packumentCache full:https://registry.npmjs.org/set-function-length set size:undefined disposed:false
215 http fetch GET 200 https://registry.npmjs.org/function-bind 293ms (cache miss)
216 silly packumentCache full:https://registry.npmjs.org/function-bind set size:undefined disposed:false
217 http fetch GET 200 https://registry.npmjs.org/es-define-property 722ms (cache miss)
218 silly packumentCache full:https://registry.npmjs.org/es-define-property set size:undefined disposed:false
219 http fetch GET 200 https://registry.npmjs.org/has-symbols 733ms (cache miss)
220 silly packumentCache full:https://registry.npmjs.org/has-symbols set size:undefined disposed:false
221 silly placeDep node_modules/http-server es-define-property@1.0.0 OK for: call-bind@1.0.7 want: ^1.0.0
222 silly placeDep node_modules/http-server function-bind@1.1.2 OK for: call-bind@1.0.7 want: ^1.1.2
223 silly placeDep node_modules/http-server set-function-length@1.2.2 OK for: call-bind@1.0.7 want: ^1.2.1
224 silly fetch manifest define-data-property@^1.1.4
225 silly packumentCache full:https://registry.npmjs.org/define-data-property cache-miss
226 silly fetch manifest gopd@^1.0.1
227 silly packumentCache full:https://registry.npmjs.org/gopd cache-miss
228 silly fetch manifest has-property-descriptors@^1.0.2
229 silly packumentCache full:https://registry.npmjs.org/has-property-descriptors cache-miss
230 http fetch GET 200 https://registry.npmjs.org/has-property-descriptors 182ms (cache miss)
231 silly packumentCache full:https://registry.npmjs.org/has-property-descriptors set size:undefined disposed:false
232 http fetch GET 200 https://registry.npmjs.org/gopd 197ms (cache miss)
233 silly packumentCache full:https://registry.npmjs.org/gopd set size:undefined disposed:false
234 http fetch GET 200 https://registry.npmjs.org/define-data-property 741ms (cache miss)
235 silly packumentCache full:https://registry.npmjs.org/define-data-property set size:undefined disposed:false
236 silly placeDep node_modules/http-server has-proto@1.0.3 OK for: get-intrinsic@1.2.4 want: ^1.0.1
237 silly placeDep node_modules/http-server has-symbols@1.0.3 OK for: get-intrinsic@1.2.4 want: ^1.0.3
238 silly placeDep node_modules/http-server hasown@2.0.2 OK for: get-intrinsic@1.2.4 want: ^2.0.0
239 silly placeDep node_modules/http-server define-data-property@1.1.4 OK for: set-function-length@1.2.2 want: ^1.1.4
240 silly placeDep node_modules/http-server gopd@1.0.1 OK for: set-function-length@1.2.2 want: ^1.0.1
241 silly placeDep node_modules/http-server has-property-descriptors@1.0.2 OK for: set-function-length@1.2.2 want: ^1.0.2
242 silly placeDep node_modules/http-server iconv-lite@0.6.3 OK for: whatwg-encoding@2.0.0 want: 0.6.3
243 silly fetch manifest safer-buffer@>= 2.1.2 < 3.0.0
244 silly packumentCache full:https://registry.npmjs.org/safer-buffer cache-miss
245 http fetch GET 200 https://registry.npmjs.org/safer-buffer 667ms (cache miss)
246 silly packumentCache full:https://registry.npmjs.org/safer-buffer set size:undefined disposed:false
247 silly placeDep node_modules/http-server safer-buffer@2.1.2 OK for: iconv-lite@0.6.3 want: >= 2.1.2 < 3.0.0
248 silly reify moves {}
249 silly tarball no local data for http-server@https://registry.npmjs.org/http-server/-/http-server-14.1.1.tgz. Extracting by manifest.
250 silly tarball no local data for safer-buffer@https://registry.npmjs.org/safer-buffer/-/safer-buffer-2.1.2.tgz. Extracting by manifest.
251 silly tarball no local data for iconv-lite@https://registry.npmjs.org/iconv-lite/-/iconv-lite-0.6.3.tgz. Extracting by manifest.
252 silly tarball no local data for has-property-descriptors@https://registry.npmjs.org/has-property-descriptors/-/has-property-descriptors-1.0.2.tgz. Extracting by manifest.
253 silly tarball no local data for gopd@https://registry.npmjs.org/gopd/-/gopd-1.0.1.tgz. Extracting by manifest.
254 silly tarball no local data for define-data-property@https://registry.npmjs.org/define-data-property/-/define-data-property-1.1.4.tgz. Extracting by manifest.
255 silly tarball no local data for hasown@https://registry.npmjs.org/hasown/-/hasown-2.0.2.tgz. Extracting by manifest.
256 silly tarball no local data for has-symbols@https://registry.npmjs.org/has-symbols/-/has-symbols-1.0.3.tgz. Extracting by manifest.
257 silly tarball no local data for has-proto@https://registry.npmjs.org/has-proto/-/has-proto-1.0.3.tgz. Extracting by manifest.
258 silly tarball no local data for set-function-length@https://registry.npmjs.org/set-function-length/-/set-function-length-1.2.2.tgz. Extracting by manifest.
259 silly tarball no local data for function-bind@https://registry.npmjs.org/function-bind/-/function-bind-1.1.2.tgz. Extracting by manifest.
260 silly tarball no local data for es-define-property@https://registry.npmjs.org/es-define-property/-/es-define-property-1.0.0.tgz. Extracting by manifest.
261 silly tarball no local data for object-inspect@https://registry.npmjs.org/object-inspect/-/object-inspect-1.13.2.tgz. Extracting by manifest.
262 silly tarball no local data for get-intrinsic@https://registry.npmjs.org/get-intrinsic/-/get-intrinsic-1.2.4.tgz. Extracting by manifest.
263 silly tarball no local data for es-errors@https://registry.npmjs.org/es-errors/-/es-errors-1.3.0.tgz. Extracting by manifest.
264 silly tarball no local data for call-bind@https://registry.npmjs.org/call-bind/-/call-bind-1.0.7.tgz. Extracting by manifest.
265 silly tarball no local data for qs@https://registry.npmjs.org/qs/-/qs-6.12.1.tgz. Extracting by manifest.
266 silly tarball no local data for side-channel@https://registry.npmjs.org/side-channel/-/side-channel-1.0.6.tgz. Extracting by manifest.
267 silly tarball no local data for has-flag@https://registry.npmjs.org/has-flag/-/has-flag-4.0.0.tgz. Extracting by manifest.
268 silly tarball no local data for ms@https://registry.npmjs.org/ms/-/ms-2.1.3.tgz. Extracting by manifest.
269 silly tarball no local data for mkdirp@https://registry.npmjs.org/mkdirp/-/mkdirp-0.5.6.tgz. Extracting by manifest.
270 silly tarball no local data for lodash@https://registry.npmjs.org/lodash/-/lodash-4.17.21.tgz. Extracting by manifest.
271 silly tarball no local data for debug@https://registry.npmjs.org/debug/-/debug-3.2.7.tgz. Extracting by manifest.
272 silly tarball no local data for async@https://registry.npmjs.org/async/-/async-2.6.4.tgz. Extracting by manifest.
273 silly tarball no local data for requires-port@https://registry.npmjs.org/requires-port/-/requires-port-1.0.0.tgz. Extracting by manifest.
274 silly tarball no local data for follow-redirects@https://registry.npmjs.org/follow-redirects/-/follow-redirects-1.15.6.tgz. Extracting by manifest.
275 silly tarball no local data for eventemitter3@https://registry.npmjs.org/eventemitter3/-/eventemitter3-4.0.7.tgz. Extracting by manifest.
276 silly tarball no local data for whatwg-encoding@https://registry.npmjs.org/whatwg-encoding/-/whatwg-encoding-2.0.0.tgz. Extracting by manifest.
277 silly tarball no local data for color-name@https://registry.npmjs.org/color-name/-/color-name-1.1.4.tgz. Extracting by manifest.
278 silly tarball no local data for color-convert@https://registry.npmjs.org/color-convert/-/color-convert-2.0.1.tgz. Extracting by manifest.
279 silly tarball no local data for supports-color@https://registry.npmjs.org/supports-color/-/supports-color-7.2.0.tgz. Extracting by manifest.
280 silly tarball no local data for ansi-styles@https://registry.npmjs.org/ansi-styles/-/ansi-styles-4.3.0.tgz. Extracting by manifest.
281 silly tarball no local data for safe-buffer@https://registry.npmjs.org/safe-buffer/-/safe-buffer-5.1.2.tgz. Extracting by manifest.
282 silly tarball no local data for url-join@https://registry.npmjs.org/url-join/-/url-join-4.0.1.tgz. Extracting by manifest.
283 silly tarball no local data for union@https://registry.npmjs.org/union/-/union-0.5.0.tgz. Extracting by manifest.
284 silly tarball no local data for secure-compare@https://registry.npmjs.org/secure-compare/-/secure-compare-3.0.1.tgz. Extracting by manifest.
285 silly tarball no local data for portfinder@https://registry.npmjs.org/portfinder/-/portfinder-1.0.32.tgz. Extracting by manifest.
286 silly tarball no local data for opener@https://registry.npmjs.org/opener/-/opener-1.5.2.tgz. Extracting by manifest.
287 silly tarball no local data for minimist@https://registry.npmjs.org/minimist/-/minimist-1.2.8.tgz. Extracting by manifest.
288 silly tarball no local data for mime@https://registry.npmjs.org/mime/-/mime-1.6.0.tgz. Extracting by manifest.
289 silly tarball no local data for html-encoding-sniffer@https://registry.npmjs.org/html-encoding-sniffer/-/html-encoding-sniffer-3.0.0.tgz. Extracting by manifest.
290 silly tarball no local data for http-proxy@https://registry.npmjs.org/http-proxy/-/http-proxy-1.18.1.tgz. Extracting by manifest.
291 silly tarball no local data for he@https://registry.npmjs.org/he/-/he-1.2.0.tgz. Extracting by manifest.
292 silly tarball no local data for corser@https://registry.npmjs.org/corser/-/corser-2.0.1.tgz. Extracting by manifest.
293 silly tarball no local data for basic-auth@https://registry.npmjs.org/basic-auth/-/basic-auth-2.0.1.tgz. Extracting by manifest.
294 silly tarball no local data for chalk@https://registry.npmjs.org/chalk/-/chalk-4.1.2.tgz. Extracting by manifest.
295 http fetch GET 200 https://registry.npmjs.org/hasown/-/hasown-2.0.2.tgz 1919ms (cache miss)
296 http fetch GET 200 https://registry.npmjs.org/gopd/-/gopd-1.0.1.tgz 1961ms (cache miss)
297 http fetch GET 200 https://registry.npmjs.org/has-property-descriptors/-/has-property-descriptors-1.0.2.tgz 2016ms (cache miss)
298 http fetch GET 200 https://registry.npmjs.org/follow-redirects/-/follow-redirects-1.15.6.tgz 1964ms (cache miss)
299 http fetch GET 200 https://registry.npmjs.org/mkdirp/-/mkdirp-0.5.6.tgz 2025ms (cache miss)
300 http fetch GET 200 https://registry.npmjs.org/ms/-/ms-2.1.3.tgz 2031ms (cache miss)
301 http fetch GET 200 https://registry.npmjs.org/safer-buffer/-/safer-buffer-2.1.2.tgz 2173ms (cache miss)
302 http fetch GET 200 https://registry.npmjs.org/call-bind/-/call-bind-1.0.7.tgz 2089ms (cache miss)
303 http fetch GET 200 https://registry.npmjs.org/define-data-property/-/define-data-property-1.1.4.tgz 2150ms (cache miss)
304 http fetch GET 200 https://registry.npmjs.org/has-flag/-/has-flag-4.0.0.tgz 2079ms (cache miss)
305 http fetch GET 200 https://registry.npmjs.org/side-channel/-/side-channel-1.0.6.tgz 2085ms (cache miss)
306 http fetch GET 200 https://registry.npmjs.org/requires-port/-/requires-port-1.0.0.tgz 2131ms (cache miss)
307 http fetch GET 200 https://registry.npmjs.org/ansi-styles/-/ansi-styles-4.3.0.tgz 2094ms (cache miss)
308 http fetch GET 200 https://registry.npmjs.org/color-name/-/color-name-1.1.4.tgz 2132ms (cache miss)
309 http fetch GET 200 https://registry.npmjs.org/eventemitter3/-/eventemitter3-4.0.7.tgz 2166ms (cache miss)
310 http fetch GET 200 https://registry.npmjs.org/whatwg-encoding/-/whatwg-encoding-2.0.0.tgz 2164ms (cache miss)
311 http fetch GET 200 https://registry.npmjs.org/color-convert/-/color-convert-2.0.1.tgz 2190ms (cache miss)
312 http fetch GET 200 https://registry.npmjs.org/supports-color/-/supports-color-7.2.0.tgz 2185ms (cache miss)
313 http fetch GET 200 https://registry.npmjs.org/secure-compare/-/secure-compare-3.0.1.tgz 2166ms (cache miss)
314 http fetch GET 200 https://registry.npmjs.org/url-join/-/url-join-4.0.1.tgz 2212ms (cache miss)
315 http fetch GET 200 https://registry.npmjs.org/html-encoding-sniffer/-/html-encoding-sniffer-3.0.0.tgz 2183ms (cache miss)
316 http fetch GET 200 https://registry.npmjs.org/portfinder/-/portfinder-1.0.32.tgz 2245ms (cache miss)
317 http fetch GET 200 https://registry.npmjs.org/safe-buffer/-/safe-buffer-5.1.2.tgz 2320ms (cache miss)
318 http fetch GET 200 https://registry.npmjs.org/minimist/-/minimist-1.2.8.tgz 2288ms (cache miss)
319 http fetch GET 200 https://registry.npmjs.org/opener/-/opener-1.5.2.tgz 2296ms (cache miss)
320 http fetch GET 200 https://registry.npmjs.org/basic-auth/-/basic-auth-2.0.1.tgz 2313ms (cache miss)
321 http fetch GET 200 https://registry.npmjs.org/corser/-/corser-2.0.1.tgz 2327ms (cache miss)
322 http fetch GET 200 https://registry.npmjs.org/es-define-property/-/es-define-property-1.0.0.tgz 2528ms (cache miss)
323 http fetch GET 200 https://registry.npmjs.org/mime/-/mime-1.6.0.tgz 2371ms (cache miss)
324 http fetch GET 200 https://registry.npmjs.org/has-proto/-/has-proto-1.0.3.tgz 2650ms (cache miss)
325 http fetch GET 200 https://registry.npmjs.org/debug/-/debug-3.2.7.tgz 2670ms (cache miss)
326 http fetch GET 200 https://registry.npmjs.org/set-function-length/-/set-function-length-1.2.2.tgz 2839ms (cache miss)
327 http fetch GET 200 https://registry.npmjs.org/es-errors/-/es-errors-1.3.0.tgz 2860ms (cache miss)
328 http fetch GET 200 https://registry.npmjs.org/has-symbols/-/has-symbols-1.0.3.tgz 2963ms (cache miss)
329 http fetch GET 200 https://registry.npmjs.org/get-intrinsic/-/get-intrinsic-1.2.4.tgz 2955ms (cache miss)
330 http fetch GET 200 https://registry.npmjs.org/chalk/-/chalk-4.1.2.tgz 2789ms (cache miss)
331 http fetch GET 200 https://registry.npmjs.org/http-server/-/http-server-14.1.1.tgz 3066ms (cache miss)
332 http fetch GET 200 https://registry.npmjs.org/function-bind/-/function-bind-1.1.2.tgz 3011ms (cache miss)
333 http fetch GET 200 https://registry.npmjs.org/qs/-/qs-6.12.1.tgz 3002ms (cache miss)
334 http fetch GET 200 https://registry.npmjs.org/he/-/he-1.2.0.tgz 3015ms (cache miss)
335 http fetch GET 200 https://registry.npmjs.org/union/-/union-0.5.0.tgz 3197ms (cache miss)
336 http fetch GET 200 https://registry.npmjs.org/http-proxy/-/http-proxy-1.18.1.tgz 3263ms (cache miss)
337 http fetch GET 200 https://registry.npmjs.org/object-inspect/-/object-inspect-1.13.2.tgz 3489ms (cache miss)
338 http fetch GET 200 https://registry.npmjs.org/iconv-lite/-/iconv-lite-0.6.3.tgz 3559ms (cache miss)
339 http fetch GET 200 https://registry.npmjs.org/async/-/async-2.6.4.tgz 4101ms (cache miss)
340 http fetch GET 200 https://registry.npmjs.org/lodash/-/lodash-4.17.21.tgz 7346ms (cache miss)
341 silly ADD node_modules/http-server
342 silly ADD node_modules/http-server/node_modules/safer-buffer
343 silly ADD node_modules/http-server/node_modules/iconv-lite
344 silly ADD node_modules/http-server/node_modules/has-property-descriptors
345 silly ADD node_modules/http-server/node_modules/gopd
346 silly ADD node_modules/http-server/node_modules/define-data-property
347 silly ADD node_modules/http-server/node_modules/hasown
348 silly ADD node_modules/http-server/node_modules/has-symbols
349 silly ADD node_modules/http-server/node_modules/has-proto
350 silly ADD node_modules/http-server/node_modules/set-function-length
351 silly ADD node_modules/http-server/node_modules/function-bind
352 silly ADD node_modules/http-server/node_modules/es-define-property
353 silly ADD node_modules/http-server/node_modules/object-inspect
354 silly ADD node_modules/http-server/node_modules/get-intrinsic
355 silly ADD node_modules/http-server/node_modules/es-errors
356 silly ADD node_modules/http-server/node_modules/call-bind
357 silly ADD node_modules/http-server/node_modules/side-channel
358 silly ADD node_modules/http-server/node_modules/qs
359 silly ADD node_modules/http-server/node_modules/has-flag
360 silly ADD node_modules/http-server/node_modules/ms
361 silly ADD node_modules/http-server/node_modules/lodash
362 silly ADD node_modules/http-server/node_modules/mkdirp
363 silly ADD node_modules/http-server/node_modules/debug
364 silly ADD node_modules/http-server/node_modules/async
365 silly ADD node_modules/http-server/node_modules/requires-port
366 silly ADD node_modules/http-server/node_modules/follow-redirects
367 silly ADD node_modules/http-server/node_modules/eventemitter3
368 silly ADD node_modules/http-server/node_modules/whatwg-encoding
369 silly ADD node_modules/http-server/node_modules/color-name
370 silly ADD node_modules/http-server/node_modules/color-convert
371 silly ADD node_modules/http-server/node_modules/supports-color
372 silly ADD node_modules/http-server/node_modules/ansi-styles
373 silly ADD node_modules/http-server/node_modules/safe-buffer
374 silly ADD node_modules/http-server/node_modules/url-join
375 silly ADD node_modules/http-server/node_modules/union
376 silly ADD node_modules/http-server/node_modules/secure-compare
377 silly ADD node_modules/http-server/node_modules/portfinder
378 silly ADD node_modules/http-server/node_modules/opener
379 silly ADD node_modules/http-server/node_modules/minimist
380 silly ADD node_modules/http-server/node_modules/mime
381 silly ADD node_modules/http-server/node_modules/http-proxy
382 silly ADD node_modules/http-server/node_modules/html-encoding-sniffer
383 silly ADD node_modules/http-server/node_modules/he
384 silly ADD node_modules/http-server/node_modules/corser
385 silly ADD node_modules/http-server/node_modules/chalk
386 silly ADD node_modules/http-server/node_modules/basic-auth
387 verbose cwd /root
388 verbose os Linux 6.2.1-PRoot-Distro
389 verbose node v20.13.1
390 verbose npm  v10.8.0
391 verbose exit 0
392 info ok
