0 verbose cli /usr/bin/node /usr/bin/npm
1 info using npm@10.8.0
2 info using node@v20.13.1
3 silly config load:file:/usr/lib/node_modules/npm/npmrc
4 silly config load:file:/home/.cache/typescript/5.5/.npmrc
5 silly config load:file:/home/.npmrc
6 silly config load:file:/etc/npmrc
7 verbose title npm install types-registry@latest
8 verbose argv "install" "--ignore-scripts" "types-registry@latest"
9 verbose logfile logs-max:10 dir:/home/.npm/_logs/2024-06-28T01_36_58_996Z-
10 verbose logfile /home/.npm/_logs/2024-06-28T01_36_58_996Z-debug-0.log
11 silly packumentCache heap:1979973632 maxSize:494993408 maxEntrySize:247496704
12 silly logfile done cleaning log files
13 silly packumentCache corgi:https://registry.npmjs.org/types-registry cache-miss
14 http fetch GET 200 https://registry.npmjs.org/types-registry 91ms (cache hit)
15 silly packumentCache corgi:https://registry.npmjs.org/types-registry set size:579712 disposed:false
16 silly idealTree buildDeps
17 silly fetch manifest types-registry@0.1.685
18 silly packumentCache full:https://registry.npmjs.org/types-registry cache-miss
19 http fetch GET 200 https://registry.npmjs.org/types-registry 35ms (cache hit)
20 silly packumentCache full:https://registry.npmjs.org/types-registry set size:1204022 disposed:false
21 silly placeDep ROOT types-registry@0.1.685 REPLACE for:  want: 0.1.685
22 silly reify moves {}
23 silly audit bulk request { 'types-registry': [ '0.1.685' ] }
24 silly audit bulk request failed undefined
25 http fetch POST 400 https://registry.npmjs.org/-/npm/v1/security/audits/quick 595ms
26 verbose audit error HttpErrorGeneral: 400 Bad Request - POST https://registry.npmjs.org/-/npm/v1/security/audits/quick - Bad Request
26 verbose audit error     at /usr/lib/node_modules/npm/node_modules/npm-registry-fetch/lib/check-response.js:95:15
26 verbose audit error     at process.processTicksAndRejections (node:internal/process/task_queues:95:5)
26 verbose audit error     at async [getReport] (/usr/lib/node_modules/npm/node_modules/@npmcli/arborist/lib/audit-report.js:336:21)
26 verbose audit error     at async AuditReport.run (/usr/lib/node_modules/npm/node_modules/@npmcli/arborist/lib/audit-report.js:106:19)
26 verbose audit error     at async Arborist.reify (/usr/lib/node_modules/npm/node_modules/@npmcli/arborist/lib/arborist/reify.js:268:24)
26 verbose audit error     at async Install.exec (/usr/lib/node_modules/npm/lib/commands/install.js:150:5)
26 verbose audit error     at async Npm.exec (/usr/lib/node_modules/npm/lib/npm.js:207:9)
26 verbose audit error     at async module.exports (/usr/lib/node_modules/npm/lib/cli/entry.js:74:5) {
26 verbose audit error   headers: [Object: null prototype] {
26 verbose audit error     date: [ 'Fri, 28 Jun 2024 01:37:07 GMT' ],
26 verbose audit error     'transfer-encoding': [ 'chunked' ],
26 verbose audit error     connection: [ 'keep-alive' ],
26 verbose audit error     'cf-ray': [ '89a9f3256cbe3857-MAD' ],
26 verbose audit error     'cf-cache-status': [ 'DYNAMIC' ],
26 verbose audit error     vary: [ 'Accept-Encoding' ],
26 verbose audit error     server: [ 'cloudflare' ],
26 verbose audit error     'x-fetch-attempts': [ '1' ]
26 verbose audit error   },
26 verbose audit error   statusCode: 400,
26 verbose audit error   code: 'E400',
26 verbose audit error   method: 'POST',
26 verbose audit error   uri: 'https://registry.npmjs.org/-/npm/v1/security/audits/quick',
26 verbose audit error   body: {
26 verbose audit error     statusCode: 400,
26 verbose audit error     error: 'Bad Request',
26 verbose audit error     message: 'Invalid package tree, run  npm install  to rebuild your package-lock.json'
26 verbose audit error   },
26 verbose audit error   pkgid: undefined
26 verbose audit error }
27 silly audit error [object Object]
28 silly audit report null
29 verbose cwd /home/.cache/typescript/5.5
30 verbose os Linux 6.2.1-PRoot-Distro
31 verbose node v20.13.1
32 verbose npm  v10.8.0
33 verbose exit 0
34 info ok
