0 verbose cli /usr/bin/node /usr/bin/npm
1 info using npm@10.8.0
2 info using node@v20.13.1
3 silly config load:file:/usr/lib/node_modules/npm/npmrc
4 silly config load:file:/home/.cache/typescript/5.5/.npmrc
5 silly config load:file:/home/.npmrc
6 silly config load:file:/etc/npmrc
7 verbose title npm install types-registry@latest
8 verbose argv "install" "--ignore-scripts" "types-registry@latest"
9 verbose logfile logs-max:10 dir:/home/.npm/_logs/2024-06-28T01_32_44_009Z-
10 verbose logfile /home/.npm/_logs/2024-06-28T01_32_44_009Z-debug-0.log
11 silly packumentCache heap:1979973632 maxSize:494993408 maxEntrySize:247496704
12 silly logfile done cleaning log files
13 silly packumentCache corgi:https://registry.npmjs.org/types-registry cache-miss
14 http fetch GET https://registry.npmjs.org/types-registry attempt 1 failed with ETIMEDOUT
15 http fetch GET 200 https://registry.npmjs.org/types-registry 14098ms (cache revalidated)
16 silly packumentCache corgi:https://registry.npmjs.org/types-registry set size:579712 disposed:false
17 silly idealTree buildDeps
18 silly fetch manifest types-registry@0.1.685
19 silly packumentCache full:https://registry.npmjs.org/types-registry cache-miss
20 http fetch GET 200 https://registry.npmjs.org/types-registry 247ms (cache revalidated)
21 silly packumentCache full:https://registry.npmjs.org/types-registry set size:1204022 disposed:false
22 silly placeDep ROOT types-registry@0.1.685 REPLACE for:  want: 0.1.685
23 silly reify moves {}
24 silly audit bulk request { 'types-registry': [ '0.1.685' ] }
25 http fetch POST 200 https://registry.npmjs.org/-/npm/v1/security/advisories/bulk 330ms
26 silly audit report {}
27 verbose cwd /home/.cache/typescript/5.5
28 verbose os Linux 6.2.1-PRoot-Distro
29 verbose node v20.13.1
30 verbose npm  v10.8.0
31 verbose exit 0
32 info ok
